2023-03-08 21:12:09,248:INFO:Pakeista MR P
2023-03-08 21:12:09,248:INFO:Pridėtos MR ir tūris į sąrašą [{'P': 100.0}]
2023-03-08 21:12:28,553:INFO:Medienos kaina atėmus vidutines ruošos sąnaudas 57.0
2023-03-08 21:12:42,713:INFO:Medienos kaina atėmus vidutines ruošos sąnaudas 57.0
2023-03-08 21:12:42,713:INFO:Susumuotos vienodų MR žodynas {'P': 100.0}
2023-03-08 21:12:42,713:INFO:Apskaičiuotas likvidinis tūris {'P': 87.0}
2023-03-08 21:12:42,713:INFO:Apskaičiuotas bendras paliekamas likvidinis tūris 87.0
2023-03-08 21:12:42,713:INFO:Apskaičiuota vienakartinė kompensacija 4959.0
2023-03-08 21:24:44,209:INFO:Pakeista MR P
2023-03-08 21:24:44,210:INFO:Pridėtos MR ir tūris į sąrašą [{'P': 100.0}]
2023-03-08 21:24:53,300:INFO:Pakeista MR E
2023-03-08 21:24:53,300:INFO:Pridėtos MR ir tūris į sąrašą [{'P': 100.0}, {'E': 100.0}]
2023-03-08 21:25:09,815:INFO:Medienos kaina atėmus vidutines ruošos sąnaudas 57.0
2023-03-08 21:25:22,265:INFO:Medienos kaina atėmus vidutines ruošos sąnaudas 57.0
2023-03-08 21:25:22,265:INFO:Susumuotos vienodų MR žodynas {'P': 100.0, 'E': 100.0}
2023-03-08 21:25:22,265:INFO:Apskaičiuotas likvidinis tūris {'P': 87.0, 'E': 85.0}
2023-03-08 21:25:22,265:INFO:Apskaičiuotas bendras paliekamas likvidinis tūris 172.0
2023-03-08 21:25:22,265:INFO:Apskaičiuota vienakartinė kompensacija 9804.0
2023-03-08 21:25:27,651:INFO:Susumuotos vienodų MR žodynas {'P': 100.0, 'E': 100.0}
2023-03-08 21:25:27,651:INFO:Apskaičiuotas likvidinis tūris {'P': 87.0, 'E': 85.0}
2023-03-08 21:25:27,651:INFO:Apskaičiuotas bendras paliekamas likvidinis tūris 172.0
2023-03-08 21:27:38,171:INFO:Pakeista MR P
2023-03-08 21:27:38,171:INFO:Pridėtos MR ir tūris į sąrašą [{'P': 100.0}]
2023-03-08 21:27:50,876:INFO:Medienos kaina atėmus vidutines ruošos sąnaudas 3.0
2023-03-08 21:27:57,672:INFO:Medienos kaina atėmus vidutines ruošos sąnaudas 3.0
2023-03-08 21:27:57,672:INFO:Susumuotos vienodų MR žodynas {'P': 100.0}
2023-03-08 21:27:57,672:INFO:Apskaičiuotas likvidinis tūris {'P': 87.0}
2023-03-08 21:27:57,672:INFO:Apskaičiuotas bendras paliekamas likvidinis tūris 87.0
2023-03-08 21:27:57,672:INFO:Apskaičiuota vienakartinė kompensacija 261.0
2023-03-08 21:28:03,296:INFO:Medienos kaina atėmus vidutines ruošos sąnaudas 3.0
2023-03-08 21:28:03,296:INFO:Susumuotos vienodų MR žodynas {'P': 100.0}
2023-03-08 21:28:03,296:INFO:Apskaičiuotas likvidinis tūris {'P': 87.0}
2023-03-08 21:28:03,297:INFO:Apskaičiuotas bendras paliekamas likvidinis tūris 87.0
2023-03-08 21:28:03,297:INFO:Apskaičiuota kasmetinė kompensacija 5.22
2023-03-08 21:28:06,566:INFO:Susumuotos vienodų MR žodynas {'P': 100.0}
2023-03-08 21:28:06,567:INFO:Susumuotos vienodų MR žodynas {'P': 100.0}
2023-03-08 21:28:06,567:INFO:Apskaičiuotas likvidinis tūris {'P': 87.0}
2023-03-08 21:29:56,191:INFO:Pakeista MR P
2023-03-08 21:29:56,191:INFO:Pridėtos MR ir tūris į sąrašą [{'P': 100.0}]
2023-03-08 21:30:08,267:INFO:Pakeista MR E
2023-03-08 21:30:08,267:INFO:Pridėtos MR ir tūris į sąrašą [{'P': 100.0}, {'E': 100.0}]
2023-03-08 21:30:11,251:INFO:Susumuotos vienodų MR žodynas {'P': 100.0, 'E': 100.0}
2023-03-08 21:30:11,252:INFO:Apskaičiuotas likvidinis tūris {'P': 87.0, 'E': 85.0}
2023-03-08 21:30:25,922:INFO:Medienos kaina atėmus vidutines ruošos sąnaudas 57.0
2023-03-08 21:30:30,062:INFO:Medienos kaina atėmus vidutines ruošos sąnaudas 57.0
2023-03-08 21:30:30,062:INFO:Susumuotos vienodų MR žodynas {'P': 100.0, 'E': 100.0}
2023-03-08 21:30:30,062:INFO:Apskaičiuotas likvidinis tūris {'P': 87.0, 'E': 85.0}
2023-03-08 21:30:30,062:INFO:Apskaičiuotas bendras paliekamas likvidinis tūris 172.0
2023-03-08 21:30:30,062:INFO:Apskaičiuota vienakartinė kompensacija 9804.0
2023-03-08 21:30:34,277:INFO:Medienos kaina atėmus vidutines ruošos sąnaudas 57.0
2023-03-08 21:30:34,277:INFO:Susumuotos vienodų MR žodynas {'P': 100.0, 'E': 100.0}
2023-03-08 21:30:34,277:INFO:Apskaičiuotas likvidinis tūris {'P': 87.0, 'E': 85.0}
2023-03-08 21:30:34,277:INFO:Apskaičiuotas bendras paliekamas likvidinis tūris 172.0
2023-03-08 21:30:34,278:INFO:Kompensacija nemokama
2023-03-09 21:46:49,934:INFO:Pakeista MR E
2023-03-09 21:46:49,934:INFO:Pridėtos MR ir tūris į sąrašą [{'E': 100.0}]
2023-03-09 21:46:55,516:INFO:Pakeista MR P
2023-03-09 21:46:55,517:INFO:Pridėtos MR ir tūris į sąrašą [{'E': 100.0}, {'P': 100.0}]
2023-03-09 21:47:02,625:INFO:Susumuotos vienodų MR žodynas {'E': 100.0, 'P': 100.0}
2023-03-09 21:47:02,625:INFO:Apskaičiuotas likvidinis tūris {'E': 85.0, 'P': 87.0}
2023-03-09 21:47:09,496:INFO:Medienos kaina atėmus vidutines ruošos sąnaudas 57.0
2023-03-09 21:47:11,821:INFO:Medienos kaina atėmus vidutines ruošos sąnaudas 57.0
2023-03-09 21:47:11,821:INFO:Susumuotos vienodų MR žodynas {'E': 100.0, 'P': 100.0}
2023-03-09 21:47:11,821:INFO:Apskaičiuotas likvidinis tūris {'E': 85.0, 'P': 87.0}
2023-03-09 21:47:11,822:INFO:Apskaičiuotas bendras paliekamas likvidinis tūris 172.0
2023-03-09 21:47:11,822:INFO:Apskaičiuota vienakartinė kompensacija 9804.0
